
> course-planner@0.0.0 dev
> vite


  VITE v5.4.21  ready in 100 ms

  ➜  Local:   http://localhost:5173/
  ➜  Network: use --host to expose
1:53:45 AM [vite] hmr update /src/App.jsx, /src/index.css
1:53:57 AM [vite] hmr update /src/App.jsx, /src/index.css
1:56:40 AM [vite] hmr update /src/App.jsx, /src/index.css
1:56:55 AM [vite] hmr update /src/App.jsx, /src/index.css
1:56:57 AM [vite] hmr update /src/App.jsx, /src/index.css
1:59:00 AM [vite] hmr update /src/App.jsx, /src/index.css
2:01:52 AM [vite] hmr update /src/App.jsx, /src/index.css
2:13:06 AM [vite] hmr update /src/App.jsx, /src/index.css
2:15:51 AM [vite] hmr update /src/App.jsx, /src/index.css
2:19:15 AM [vite] hmr update /src/App.jsx, /src/index.css
2:20:50 AM [vite] hmr update /src/App.jsx, /src/index.css
2:24:29 AM [vite] hmr update /src/App.jsx, /src/index.css
2:25:32 AM [vite] hmr update /src/App.jsx, /src/index.css
2:25:32 AM [vite] hmr update /src/App.jsx, /src/index.css
2:27:45 AM [vite] hmr update /src/App.jsx, /src/index.css
2:35:46 AM [vite] hmr update /src/App.jsx, /src/index.css
2:44:07 AM [vite] hmr update /src/App.jsx, /src/index.css
2:47:26 AM [vite] hmr update /src/App.jsx, /src/index.css
3:09:41 AM [vite] hmr update /src/App.jsx, /src/index.css
3:09:54 AM [vite] hmr update /src/App.jsx, /src/index.css
3:10:17 AM [vite] hmr update /src/App.jsx, /src/index.css
3:11:46 AM [vite] hmr update /src/App.jsx, /src/index.css
3:12:00 AM [vite] hmr update /src/App.jsx, /src/index.css
3:41:05 AM [vite] hmr update /src/App.jsx, /src/index.css
3:48:22 AM [vite] hmr update /src/App.jsx, /src/index.css
3:48:40 AM [vite] hmr update /src/App.jsx, /src/index.css
3:48:59 AM [vite] hmr update /src/App.jsx, /src/index.css
5:47:04 AM [vite] hmr update /src/App.jsx, /src/index.css
5:47:11 AM [vite] hmr update /src/App.jsx, /src/index.css
5:47:16 AM [vite] hmr update /src/index.css
6:35:34 AM [vite] hmr update /src/App.jsx, /src/index.css
9:39:51 AM [vite] ✨ new dependencies optimized: file-saver
9:39:51 AM [vite] ✨ optimized dependencies changed. reloading
10:35:01 AM [vite] hmr update /src/App.jsx, /src/index.css
10:36:36 AM [vite] hmr update /src/App.jsx, /src/index.css
